<?xml version="1.0" encoding="UTF-8"?>
<testng-results skipped="0" failed="0" ignored="0" total="1" passed="1">
  <reporter-output>
  </reporter-output>
  <suite name="Default suite" duration-ms="240" started-at="2018-02-06T10:30:57Z" finished-at="2018-02-06T10:30:58Z">
    <groups>
    </groups>
    <test name="Default test" duration-ms="240" started-at="2018-02-06T10:30:57Z" finished-at="2018-02-06T10:30:58Z">
      <class name="guru99.gittest.AppTest">
        <test-method status="PASS" signature="testCase1()[pri:0, instance:guru99.gittest.AppTest@26be92ad]" name="testCase1" duration-ms="47" started-at="2018-02-06T16:00:58Z" finished-at="2018-02-06T16:00:58Z">
          <reporter-output>
          </reporter-output>
        </test-method> <!-- testCase1 -->
      </class> <!-- guru99.gittest.AppTest -->
    </test> <!-- Default test -->
  </suite> <!-- Default suite -->
</testng-results>
